2013-01-05 16:38:44 org.apache.catalina.core.AprLifecycleListener init
INFO: The APR based Apache Tomcat Native library which allows optimal performance in production environments was not found on the java.library.path: .:/Library/Java/Extensions:/System/Library/Java/Extensions:/usr/lib/java
2013-01-05 16:38:45 org.apache.coyote.AbstractProtocol init
INFO: Initializing ProtocolHandler ["http-bio-8080"]
2013-01-05 16:38:45 org.apache.coyote.AbstractProtocol init
INFO: Initializing ProtocolHandler ["ajp-bio-8009"]
2013-01-05 16:38:45 org.apache.catalina.startup.Catalina load
INFO: Initialization processed in 1332 ms
2013-01-05 16:38:45 org.apache.catalina.core.StandardService startInternal
INFO: Starting service Catalina
2013-01-05 16:38:45 org.apache.catalina.core.StandardEngine startInternal
INFO: Starting Servlet Engine: Apache Tomcat/7.0.34
2013-01-05 16:38:45 org.apache.catalina.startup.HostConfig deployDirectory
INFO: Deploying web application directory /Users/Jacek/Downloads/apache-tomcat-7.0.34/webapps/docs
2013-01-05 16:38:45 org.apache.catalina.startup.HostConfig deployDirectory
INFO: Deploying web application directory /Users/Jacek/Downloads/apache-tomcat-7.0.34/webapps/examples
2013-01-05 16:38:46 org.apache.catalina.startup.HostConfig deployDirectory
INFO: Deploying web application directory /Users/Jacek/Downloads/apache-tomcat-7.0.34/webapps/host-manager
2013-01-05 16:38:46 org.apache.catalina.startup.HostConfig deployDirectory
INFO: Deploying web application directory /Users/Jacek/Downloads/apache-tomcat-7.0.34/webapps/manager
2013-01-05 16:38:46 org.apache.catalina.startup.HostConfig deployDirectory
INFO: Deploying web application directory /Users/Jacek/Downloads/apache-tomcat-7.0.34/webapps/ROOT
2013-01-05 16:38:46 org.apache.coyote.AbstractProtocol start
INFO: Starting ProtocolHandler ["http-bio-8080"]
2013-01-05 16:38:46 org.apache.coyote.AbstractProtocol start
INFO: Starting ProtocolHandler ["ajp-bio-8009"]
2013-01-05 16:38:46 org.apache.catalina.startup.Catalina start
INFO: Server startup in 1148 ms
2013-01-05 16:39:08 org.apache.catalina.startup.HostConfig deployDescriptor
INFO: Deploying configuration descriptor /Users/Jacek/Downloads/apache-tomcat-7.0.34/conf/Catalina/localhost/Fuzzy.xml
2013-01-05 16:39:08 org.apache.catalina.util.LifecycleBase start
INFO: The start() method was called on component [StandardEngine[Catalina].StandardHost[localhost].StandardContext[/Fuzzy]] after start() had already been called. The second call will be ignored.
2013-01-05 16:39:10 org.apache.jasper.compiler.TldLocationsCache tldScanJar
INFO: At least one JAR was scanned for TLDs yet contained no TLDs. Enable debug logging for this logger for a complete list of JARs that were scanned but no TLDs were found in them. Skipping unneeded JARs during scanning can improve startup time and JSP compilation time.
